2018-07-11 18:18:04,369  INFO [main] Class:26 - Browser is Opened
 2018-07-11 18:18:15,454  INFO [main] Class:31 - Site is Opened
 2018-07-11 18:18:16,247  INFO [main] Class:43 - Excel sheet opened
 2018-07-11 18:18:16,509  INFO [main] Class:58 - Email address typed
 2018-07-11 18:18:16,615  INFO [main] Class:63 - Password typed
 2018-07-11 18:18:16,685  INFO [main] Class:68 - Clicking on keep_in_sign
 2018-07-11 18:52:49,148  INFO [main] Class:26 - Browser is Opened
 2018-07-11 18:53:02,548  INFO [main] Class:31 - Site is Opened
 2018-07-11 18:53:03,446  INFO [main] Class:46 - Excel sheet opened
 2018-07-11 18:53:03,827  INFO [main] Class:61 - Email address typed
 2018-07-11 18:53:03,969  INFO [main] Class:66 - Password typed
 2018-07-11 18:53:09,071  INFO [main] Class:71 - Clicking on keep_in_sign
 2018-07-11 19:57:08,617  INFO [main] Class:26 - Browser is Opened
 2018-07-11 19:57:17,661  INFO [main] Class:31 - Site is Opened
 2018-07-11 22:25:01,300  INFO [main] Class:26 - Browser is Opened
 2018-07-11 22:25:13,278  INFO [main] Class:31 - Site is Opened
 2018-07-11 22:25:13,917  INFO [main] Class:42 - Excel sheet opened
 2018-07-11 22:25:19,931  INFO [main] Class:57 - Email address typed
 2018-07-11 22:25:20,099  INFO [main] Class:62 - Password typed
 2018-07-11 22:25:25,215  INFO [main] Class:67 - Clicking on keep_in_sign
 2018-07-11 22:27:18,289  INFO [main] Class:26 - Browser is Opened
 2018-07-11 22:27:27,389  INFO [main] Class:31 - Site is Opened
 2018-07-11 22:27:28,128  INFO [main] Class:42 - Excel sheet opened
 2018-07-11 22:27:28,432  INFO [main] Class:57 - Email address typed
 2018-07-11 22:27:28,548  INFO [main] Class:62 - Password typed
 2018-07-11 22:27:28,636  INFO [main] Class:67 - Clicking on keep_in_sign
 2018-07-11 22:27:28,733  INFO [main] Class:72 - Clicking on login button
 2018-07-11 22:27:31,875  INFO [main] Class:90 - Write in excelsheet fail status
 2018-07-12 14:04:04,077  INFO [main] Class:26 - Browser is Opened
 2018-07-12 14:04:29,599  INFO [main] Class:31 - Site is Opened
 2018-07-12 14:04:30,481  INFO [main] Class:42 - Excel sheet opened
 2018-07-12 14:08:51,373  INFO [main] Class:26 - Browser is Opened
 2018-07-12 14:09:34,002  INFO [main] Class:31 - Site is Opened
 2018-07-12 14:09:34,836  INFO [main] Class:42 - Excel sheet opened
 2018-07-12 14:09:35,353  INFO [main] Class:57 - Email address typed
 2018-07-12 14:09:35,522  INFO [main] Class:62 - Password typed
 2018-07-12 14:09:35,631  INFO [main] Class:67 - Clicking on keep_in_sign
 2018-07-12 14:09:35,782  INFO [main] Class:72 - Clicking on login button
 2018-07-12 14:09:38,954  INFO [main] Class:90 - Write in excelsheet fail status
 2018-07-12 14:15:48,491  INFO [main] Class:26 - Browser is Opened
 2018-07-12 14:15:57,774  INFO [main] Class:31 - Site is Opened
 2018-07-12 14:15:58,619  INFO [main] Class:42 - Excel sheet opened
 2018-07-12 14:15:59,006  INFO [main] Class:57 - Email address typed
 2018-07-12 14:15:59,134  INFO [main] Class:62 - Password typed
 2018-07-12 14:15:59,231  INFO [main] Class:67 - Clicking on keep_in_sign
 2018-07-12 14:15:59,348  INFO [main] Class:72 - Clicking on login button
 2018-07-12 14:16:02,472  INFO [main] Class:90 - Write in excelsheet fail status
 2018-07-12 15:02:43,729  INFO [main] Class:26 - Browser is Opened
 2018-07-12 15:02:54,877  INFO [main] Class:31 - Site is Opened
 2018-07-12 15:02:55,741  INFO [main] Class:44 - Excel sheet opened
 2018-07-12 15:02:58,589  INFO [main] Class:61 - Email address typed
 2018-07-12 15:02:58,714  INFO [main] Class:66 - Password typed
 2018-07-12 15:02:58,789  INFO [main] Class:71 - Clicking on keep_in_sign
 2018-07-12 15:02:58,894  INFO [main] Class:76 - Clicking on login button
 2018-07-12 15:03:02,008  INFO [main] Class:94 - Write in excelsheet fail status
 2018-07-12 15:04:29,960  INFO [main] Class:26 - Browser is Opened
 2018-07-12 15:04:41,300  INFO [main] Class:31 - Site is Opened
 2018-07-12 15:04:42,058  INFO [main] Class:44 - Excel sheet opened
 2018-07-12 15:04:42,357  INFO [main] Class:61 - Email address typed
 2018-07-12 15:04:42,502  INFO [main] Class:66 - Password typed
 2018-07-12 15:04:42,581  INFO [main] Class:71 - Clicking on keep_in_sign
 2018-07-12 15:04:42,690  INFO [main] Class:76 - Clicking on login button
 2018-07-12 15:04:45,885  INFO [main] Class:94 - Write in excelsheet fail status
 2018-07-12 15:06:00,983  INFO [main] Class:26 - Browser is Opened
 2018-07-12 15:06:10,866  INFO [main] Class:31 - Site is Opened
 2018-07-12 15:06:11,659  INFO [main] Class:44 - Excel sheet opened
 2018-07-12 15:06:11,988  INFO [main] Class:61 - Email address typed
 2018-07-12 15:06:12,128  INFO [main] Class:66 - Password typed
 2018-07-12 15:06:12,212  INFO [main] Class:71 - Clicking on keep_in_sign
 2018-07-12 15:06:12,325  INFO [main] Class:76 - Clicking on login button
 2018-07-12 15:06:15,432  INFO [main] Class:94 - Write in excelsheet fail status
 2018-07-12 15:08:26,505  INFO [main] Class:26 - Browser is Opened
 2018-07-12 15:08:39,224  INFO [main] Class:31 - Site is Opened
 2018-07-12 15:08:39,961  INFO [main] Class:44 - Excel sheet opened
 2018-07-12 15:08:40,360  INFO [main] Class:61 - Email address typed
 2018-07-12 15:08:40,500  INFO [main] Class:66 - Password typed
 2018-07-12 15:08:40,581  INFO [main] Class:71 - Clicking on keep_in_sign
 2018-07-12 15:08:40,693  INFO [main] Class:76 - Clicking on login button
 2018-07-12 15:08:43,813  INFO [main] Class:94 - Write in excelsheet fail status
 2018-07-12 15:09:43,006  INFO [main] Class:26 - Browser is Opened
 2018-07-12 15:09:53,180  INFO [main] Class:31 - Site is Opened
 2018-07-12 15:09:53,945  INFO [main] Class:44 - Excel sheet opened
 2018-07-12 15:09:54,244  INFO [main] Class:61 - Email address typed
 2018-07-12 15:09:54,380  INFO [main] Class:66 - Password typed
 2018-07-12 15:09:54,476  INFO [main] Class:71 - Clicking on keep_in_sign
 2018-07-12 15:09:54,613  INFO [main] Class:76 - Clicking on login button
 2018-07-12 15:09:57,736  INFO [main] Class:94 - Write in excelsheet fail status
 2018-07-12 15:11:18,794  INFO [main] Class:26 - Browser is Opened
 2018-07-12 15:11:28,224  INFO [main] Class:31 - Site is Opened
 2018-07-12 15:14:19,297  INFO [main] Class:26 - Browser is Opened
 2018-07-12 15:14:28,660  INFO [main] Class:31 - Site is Opened
 2018-07-12 15:18:12,923  INFO [main] Class:26 - Browser is Opened
 2018-07-12 15:18:21,957  INFO [main] Class:31 - Site is Opened
 2018-07-12 15:19:38,506  INFO [main] Class:26 - Browser is Opened
 2018-07-12 15:19:55,884  INFO [main] Class:31 - Site is Opened
 2018-07-12 15:21:01,497  INFO [main] Class:26 - Browser is Opened
 2018-07-12 15:21:17,370  INFO [main] Class:31 - Site is Opened
 2018-07-12 15:27:59,081  INFO [main] Class:26 - Browser is Opened
 2018-07-12 15:29:30,712  INFO [main] Class:31 - Site is Opened
 2018-07-12 15:29:31,506  INFO [main] Class:44 - Excel sheet opened
 2018-07-12 15:39:55,787  INFO [main] Class:26 - Browser is Opened
 2018-07-12 15:40:09,850  INFO [main] Class:31 - Site is Opened
 2018-07-12 15:40:10,616  INFO [main] Class:44 - Excel sheet opened
 2018-07-12 15:40:10,918  INFO [main] Class:61 - Email address typed
 2018-07-12 15:40:11,077  INFO [main] Class:66 - Password typed
 2018-07-12 15:40:11,172  INFO [main] Class:71 - Clicking on keep_in_sign
 2018-07-12 15:40:11,295  INFO [main] Class:76 - Clicking on login button
 2018-07-12 17:01:18,880  INFO [main] Class:26 - Browser is Opened
 2018-07-12 17:01:29,140  INFO [main] Class:31 - Site is Opened
 2018-07-12 17:01:29,813  INFO [main] Class:44 - Excel sheet opened
 2018-07-12 17:06:47,712  INFO [main] Class:26 - Browser is Opened
 2018-07-12 17:07:35,240  INFO [main] Class:31 - Site is Opened
 2018-07-12 17:07:36,029  INFO [main] Class:44 - Excel sheet opened
 2018-07-12 17:07:36,366  INFO [main] Class:61 - Email address typed
 2018-07-12 17:07:36,498  INFO [main] Class:66 - Password typed
 2018-07-12 17:07:36,579  INFO [main] Class:71 - Clicking on keep_in_sign
 2018-07-12 17:07:36,684  INFO [main] Class:76 - Clicking on login button
 2018-07-12 18:22:13,005  INFO [main] Class:26 - Browser is Opened
 2018-07-12 18:22:23,043  INFO [main] Class:31 - Site is Opened
 2018-07-12 18:22:23,792  INFO [main] Class:44 - Excel sheet opened
 2018-07-12 18:22:26,694  INFO [main] Class:61 - Email address typed
 2018-07-12 18:22:26,866  INFO [main] Class:66 - Password typed
 2018-07-12 18:22:26,951  INFO [main] Class:71 - Clicking on keep_in_sign
 2018-07-12 18:22:27,066  INFO [main] Class:76 - Clicking on login button
 2018-07-12 18:25:45,339  INFO [main] Class:26 - Browser is Opened
 2018-07-12 18:26:23,315  INFO [main] Class:31 - Site is Opened
 2018-07-12 18:26:24,150  INFO [main] Class:44 - Excel sheet opened
 2018-07-12 18:26:24,470  INFO [main] Class:61 - Email address typed
 2018-07-12 18:26:24,602  INFO [main] Class:66 - Password typed
 2018-07-12 18:26:24,682  INFO [main] Class:71 - Clicking on keep_in_sign
 2018-07-12 18:26:24,791  INFO [main] Class:76 - Clicking on login button
 2018-07-12 18:27:07,699  INFO [main] Class:26 - Browser is Opened
 2018-07-12 18:27:15,735  INFO [main] Class:31 - Site is Opened
 2018-07-12 18:27:16,506  INFO [main] Class:44 - Excel sheet opened
 2018-07-12 18:27:16,833  INFO [main] Class:61 - Email address typed
 2018-07-12 18:27:16,994  INFO [main] Class:66 - Password typed
 2018-07-12 18:27:17,075  INFO [main] Class:71 - Clicking on keep_in_sign
 2018-07-12 18:27:17,203  INFO [main] Class:76 - Clicking on login button
 2018-07-12 18:27:45,847  INFO [main] Class:26 - Browser is Opened
 2018-07-12 18:27:59,860  INFO [main] Class:31 - Site is Opened
 2018-07-12 18:28:00,728  INFO [main] Class:44 - Excel sheet opened
 2018-07-12 18:28:01,071  INFO [main] Class:61 - Email address typed
 2018-07-12 18:28:01,236  INFO [main] Class:66 - Password typed
 2018-07-12 18:28:01,332  INFO [main] Class:71 - Clicking on keep_in_sign
 2018-07-12 18:28:01,458  INFO [main] Class:76 - Clicking on login button
 2018-07-12 18:28:59,148  INFO [main] Class:26 - Browser is Opened
 2018-07-12 18:29:08,094  INFO [main] Class:31 - Site is Opened
 2018-07-12 18:29:08,859  INFO [main] Class:44 - Excel sheet opened
 2018-07-12 18:29:09,220  INFO [main] Class:61 - Email address typed
 2018-07-12 18:29:09,362  INFO [main] Class:66 - Password typed
 2018-07-12 18:29:09,447  INFO [main] Class:71 - Clicking on keep_in_sign
 2018-07-12 18:29:09,559  INFO [main] Class:76 - Clicking on login button
 2018-07-12 18:30:03,101  INFO [main] Class:26 - Browser is Opened
 2018-07-12 18:30:12,818  INFO [main] Class:31 - Site is Opened
 2018-07-12 18:30:13,554  INFO [main] Class:44 - Excel sheet opened
 2018-07-12 18:30:13,913  INFO [main] Class:61 - Email address typed
 2018-07-12 18:30:14,048  INFO [main] Class:66 - Password typed
 2018-07-12 18:30:14,131  INFO [main] Class:71 - Clicking on keep_in_sign
 2018-07-12 18:30:14,246  INFO [main] Class:76 - Clicking on login button
 2018-07-12 18:40:43,552  INFO [main] Class:26 - Browser is Opened
 2018-07-12 18:40:52,088  INFO [main] Class:31 - Site is Opened
 2018-07-12 18:40:52,915  INFO [main] Class:44 - Excel sheet opened
 2018-07-12 18:40:53,236  INFO [main] Class:61 - Email address typed
 2018-07-12 18:40:53,373  INFO [main] Class:66 - Password typed
 2018-07-12 18:40:53,492  INFO [main] Class:71 - Clicking on keep_in_sign
 2018-07-12 18:40:53,608  INFO [main] Class:76 - Clicking on login button
 2018-07-12 18:55:05,271  INFO [main] Class:26 - Browser is Opened
 2018-07-12 18:55:14,591  INFO [main] Class:31 - Site is Opened
 2018-07-12 18:55:15,344  INFO [main] Class:44 - Excel sheet opened
 2018-07-12 18:55:15,477  INFO [main] Class:60 - Email address typed
 2018-07-12 18:55:15,627  INFO [main] Class:65 - Password typed
 2018-07-12 18:55:15,721  INFO [main] Class:70 - Clicking on keep_in_sign
 2018-07-12 18:55:15,821  INFO [main] Class:75 - Clicking on login button
 2018-07-12 18:55:18,976  INFO [main] Class:93 - Write in excelsheet fail status
 2018-07-12 19:02:43,012  INFO [main] Class:26 - Browser is Opened
 2018-07-12 19:02:53,772  INFO [main] Class:31 - Site is Opened
 2018-07-12 19:02:54,559  INFO [main] Class:44 - Excel sheet opened
 2018-07-12 19:02:54,687  INFO [main] Class:60 - Email address typed
 2018-07-12 19:02:54,794  INFO [main] Class:65 - Password typed
 2018-07-12 19:02:54,873  INFO [main] Class:70 - Clicking on keep_in_sign
 2018-07-12 19:02:54,954  INFO [main] Class:75 - Clicking on login button
 2018-07-12 19:02:58,079  INFO [main] Class:93 - Write in excelsheet fail status
 2018-07-12 19:04:33,701  INFO [main] Class:26 - Browser is Opened
 2018-07-12 19:04:43,489  INFO [main] Class:31 - Site is Opened
 2018-07-12 19:04:44,267  INFO [main] Class:44 - Excel sheet opened
 2018-07-12 19:04:44,595  INFO [main] Class:60 - Email address typed
 2018-07-12 19:04:44,729  INFO [main] Class:65 - Password typed
 2018-07-12 19:04:44,830  INFO [main] Class:70 - Clicking on keep_in_sign
 2018-07-12 19:04:44,936  INFO [main] Class:75 - Clicking on login button
 2018-07-12 19:04:48,059  INFO [main] Class:93 - Write in excelsheet fail status
 2018-07-12 19:06:45,832  INFO [main] Class:26 - Browser is Opened
 2018-07-12 19:07:01,493  INFO [main] Class:31 - Site is Opened
 2018-07-12 19:07:02,291  INFO [main] Class:44 - Excel sheet opened
 2018-07-12 19:07:02,663  INFO [main] Class:60 - Email address typed
 2018-07-12 19:07:02,813  INFO [main] Class:65 - Password typed
 2018-07-12 19:07:02,896  INFO [main] Class:70 - Clicking on keep_in_sign
 2018-07-12 19:07:03,003  INFO [main] Class:75 - Clicking on login button
 2018-07-12 19:08:44,727  INFO [main] Class:26 - Browser is Opened
 2018-07-12 19:08:59,811  INFO [main] Class:31 - Site is Opened
 2018-07-12 19:09:00,608  INFO [main] Class:44 - Excel sheet opened
 2018-07-12 19:09:00,982  INFO [main] Class:60 - Email address typed
 2018-07-12 19:09:01,135  INFO [main] Class:65 - Password typed
 2018-07-12 19:09:01,236  INFO [main] Class:70 - Clicking on keep_in_sign
 2018-07-12 19:09:01,353  INFO [main] Class:75 - Clicking on login button
 2018-07-12 19:53:48,667  INFO [main] Class:26 - Browser is Opened
 2018-07-12 19:53:57,920  INFO [main] Class:31 - Site is Opened
 2018-07-12 19:53:58,619  INFO [main] Class:44 - Excel sheet opened
 2018-07-12 19:53:58,911  INFO [main] Class:60 - Email address typed
 2018-07-12 19:53:59,035  INFO [main] Class:65 - Password typed
 2018-07-12 19:53:59,114  INFO [main] Class:70 - Clicking on keep_in_sign
 2018-07-12 19:53:59,230  INFO [main] Class:75 - Clicking on login button
 2018-07-12 22:27:09,712  INFO [main] Class:26 - Browser is Opened
 2018-07-12 22:27:23,668  INFO [main] Class:31 - Site is Opened
 2018-07-12 22:27:24,390  INFO [main] Class:44 - Excel sheet opened
 2018-07-12 22:27:24,698  INFO [main] Class:60 - Email address typed
 2018-07-12 22:27:24,830  INFO [main] Class:65 - Password typed
 2018-07-12 22:27:24,903  INFO [main] Class:70 - Clicking on keep_in_sign
 2018-07-12 22:27:25,014  INFO [main] Class:75 - Clicking on login button
 2018-07-13 16:08:59,145  INFO [main] Class:26 - Browser is Opened
 2018-07-13 16:09:08,143  INFO [main] Class:31 - Site is Opened
 2018-07-13 16:09:08,940  INFO [main] Class:44 - Excel sheet opened
 2018-07-13 16:09:09,277  INFO [main] Class:60 - Email address typed
 2018-07-13 16:09:09,413  INFO [main] Class:65 - Password typed
 2018-07-13 16:09:09,502  INFO [main] Class:70 - Clicking on keep_in_sign
 2018-07-13 16:09:09,605  INFO [main] Class:75 - Clicking on login button
 2018-07-13 18:30:23,555  INFO [main] Class:26 - Browser is Opened
 2018-07-13 18:30:33,052  INFO [main] Class:31 - Site is Opened
 2018-07-13 18:30:33,694  INFO [main] Class:44 - Excel sheet opened
 2018-07-13 18:30:37,526  INFO [main] Class:60 - Email address typed
 2018-07-13 18:30:37,648  INFO [main] Class:65 - Password typed
 2018-07-13 18:30:37,726  INFO [main] Class:70 - Clicking on keep_in_sign
 2018-07-13 18:30:37,835  INFO [main] Class:75 - Clicking on login button
 2018-07-16 05:38:47,526  INFO [main] Class:26 - Browser is Opened
 2018-07-16 05:39:00,172  INFO [main] Class:31 - Site is Opened
 2018-07-16 05:39:01,649  INFO [main] Class:44 - Excel sheet opened
 2018-07-16 05:39:01,782  INFO [main] Class:60 - Email address typed
 2018-07-16 05:39:01,878  INFO [main] Class:65 - Password typed
 2018-07-16 05:39:07,053  INFO [main] Class:70 - Clicking on keep_in_sign
 2018-07-16 05:39:12,276  INFO [main] Class:75 - Clicking on login button
 2018-07-16 06:01:27,841  INFO [main] Class:26 - Browser is Opened
 2018-07-16 06:01:43,826  INFO [main] Class:31 - Site is Opened
 2018-07-16 06:02:28,286  INFO [main] Class:26 - Browser is Opened
 2018-07-16 06:02:37,770  INFO [main] Class:31 - Site is Opened
 2018-07-16 06:02:38,882  INFO [main] Class:44 - Excel sheet opened
 2018-07-16 06:02:41,693  INFO [main] Class:60 - Email address typed
 2018-07-16 06:02:41,949  INFO [main] Class:65 - Password typed
 2018-07-16 06:02:42,121  INFO [main] Class:70 - Clicking on keep_in_sign
 2018-07-16 06:02:42,345  INFO [main] Class:75 - Clicking on login button
 2018-07-17 07:59:29,347  INFO [main] Class:26 - Browser is Opened
 2018-07-17 07:59:42,761  INFO [main] Class:31 - Site is Opened
 2018-07-17 07:59:44,120  INFO [main] Class:35 - Excel RegisterSheet opened
 2018-07-17 07:59:44,335  INFO [main] Class:52 - Click on register link
 2018-07-17 07:59:44,594  INFO [main] Class:57 - First name is typed
 2018-07-17 07:59:44,736  INFO [main] Class:62 - Last name is typed
 2018-07-17 07:59:45,176  INFO [main] Class:67 - email id is typed
 2018-07-17 07:59:45,386  INFO [main] Class:72 - Password is typed
 2018-07-17 07:59:45,540  INFO [main] Class:77 - Company name is typed
 2018-07-17 07:59:45,703  INFO [main] Class:82 - Job Title is typed
 2018-07-17 07:59:45,938  INFO [main] Class:87 - Country name is seleced
 2018-07-17 07:59:48,063  INFO [main] Class:93 - Newsletter is selected
 2018-07-17 07:59:48,190  INFO [main] Class:99 - Register button is clicked
 2018-07-17 07:59:48,395  INFO [main] Class:107 - Write in excelsheet pass status
 2018-07-17 07:59:48,441  INFO [main] Class:44 - Excel sheet opened
 2018-07-19 11:10:51,727  INFO [main] Class:26 - Browser is Opened
 2018-07-19 11:11:01,811  INFO [main] Class:31 - Site is Opened
 2018-07-19 11:11:04,218  INFO [main] Class:35 - Excel RegisterSheet opened
 2018-07-19 11:11:04,878  INFO [main] Class:52 - Click on register link
 2018-07-19 11:11:05,501  INFO [main] Class:57 - First name is typed
 2018-07-19 11:11:05,822  INFO [main] Class:62 - Last name is typed
 2018-07-19 11:11:06,977  INFO [main] Class:67 - email id is typed
 2018-07-19 11:11:07,515  INFO [main] Class:72 - Password is typed
 2018-07-19 11:11:07,873  INFO [main] Class:77 - Company name is typed
 2018-07-19 11:11:08,228  INFO [main] Class:82 - Job Title is typed
 2018-07-19 11:11:08,724  INFO [main] Class:87 - Country name is seleced
 2018-07-19 11:11:10,936  INFO [main] Class:93 - Newsletter is selected
 2018-07-19 11:11:11,278  INFO [main] Class:99 - Register button is clicked
 2018-07-19 11:11:11,643  INFO [main] Class:107 - Write in excelsheet pass status
 2018-07-19 11:11:11,764  INFO [main] Class:44 - Excel sheet opened
 2018-07-23 13:01:07,708  INFO [main] Class:26 - Browser is Opened
 2018-07-23 13:01:26,391  INFO [main] Class:31 - Site is Opened
 2018-07-23 13:01:27,531  INFO [main] Class:37 - Excel Registersheet opened
 2018-07-23 13:01:27,714  INFO [main] Class:45 - Click on register link
 2018-07-23 13:01:28,042  INFO [main] Class:68 - First name is typed
 2018-07-23 13:01:28,187  INFO [main] Class:74 - Last name is typed
 2018-07-23 13:01:28,608  INFO [main] Class:80 - email id is typed
 2018-07-23 13:01:28,847  INFO [main] Class:86 - Password is typed
 2018-07-23 13:01:29,012  INFO [main] Class:92 - Company name is typed
 2018-07-23 13:01:29,174  INFO [main] Class:98 - Job Title is typed
 2018-07-23 13:01:29,378  INFO [main] Class:104 - Country name is seleced
 2018-07-23 13:01:31,501  INFO [main] Class:111 - Newsletter is selected
 2018-07-23 13:01:31,627  INFO [main] Class:117 - Register button is clicked
 2018-07-23 13:01:40,443  INFO [main] Class:130 - Write in excelsheet fail status
 2018-07-23 13:01:40,631  INFO [main] Class:68 - First name is typed
 2018-07-23 13:01:40,835  INFO [main] Class:74 - Last name is typed
 2018-07-23 13:01:41,178  INFO [main] Class:80 - email id is typed
 2018-07-23 13:01:41,427  INFO [main] Class:86 - Password is typed
 2018-07-23 13:01:41,587  INFO [main] Class:92 - Company name is typed
 2018-07-23 13:01:41,745  INFO [main] Class:98 - Job Title is typed
 2018-07-23 13:01:41,937  INFO [main] Class:104 - Country name is seleced
 2018-07-23 13:01:44,069  INFO [main] Class:111 - Newsletter is selected
 2018-07-23 13:01:44,162  INFO [main] Class:117 - Register button is clicked
 2018-07-23 13:01:52,349  INFO [main] Class:130 - Write in excelsheet fail status
 2018-07-23 13:01:54,815  INFO [main] Class:26 - Browser is Opened
 2018-07-23 13:02:08,954  INFO [main] Class:31 - Site is Opened
 2018-07-23 13:02:09,009  INFO [main] Class:39 - Excel Loginsheet opened
 2018-07-23 13:02:09,907  INFO [main] Class:56 - Email address typed
 2018-07-23 13:02:10,079  INFO [main] Class:62 - Password typed
 2018-07-23 13:02:10,163  INFO [main] Class:67 - Clicking on keep_in_sign
 2018-07-23 13:02:10,285  INFO [main] Class:73 - Clicking on login button
 2018-07-23 13:02:10,969  INFO [main] Class:85 - Write in excelsheet fail status
 2018-07-23 13:02:11,233  INFO [main] Class:56 - Email address typed
 2018-07-23 13:02:11,466  INFO [main] Class:62 - Password typed
 2018-07-23 13:02:11,523  INFO [main] Class:67 - Clicking on keep_in_sign
 2018-07-23 13:02:11,580  INFO [main] Class:73 - Clicking on login button
 2018-07-23 13:02:12,054  INFO [main] Class:85 - Write in excelsheet fail status
 2018-07-23 13:02:12,315  INFO [main] Class:56 - Email address typed
 2018-07-23 13:02:12,456  INFO [main] Class:62 - Password typed
 2018-07-23 13:02:12,512  INFO [main] Class:67 - Clicking on keep_in_sign
 2018-07-23 13:02:12,579  INFO [main] Class:73 - Clicking on login button
 2018-07-23 13:02:42,907  INFO [main] Class:98 - Write in excelsheet Pass status
 2018-07-23 13:02:43,195  INFO [main] Class:56 - Email address typed
 2018-07-23 13:02:43,396  INFO [main] Class:62 - Password typed
 2018-07-23 13:02:43,480  INFO [main] Class:67 - Clicking on keep_in_sign
 2018-07-23 13:02:43,590  INFO [main] Class:73 - Clicking on login button
 2018-07-23 13:03:13,788  INFO [main] Class:98 - Write in excelsheet Pass status
 